C:\USERS\KIRIL\DESKTOP\CHERNYSH06\CHERNYSH06\DEBUG\CHERNYSH06.EXE.INTERMEDIATE.MANIFEST
C:\Users\Kiril\Desktop\Chernysh06\Chernysh06\Debug\Chernysh06.write.1.tlog
C:\Users\Kiril\Desktop\Chernysh06\Chernysh06\Debug\cl.command.1.tlog
C:\Users\Kiril\Desktop\Chernysh06\Chernysh06\Debug\CL.read.1.tlog
C:\Users\Kiril\Desktop\Chernysh06\Chernysh06\Debug\CL.write.1.tlog
C:\USERS\KIRIL\DESKTOP\CHERNYSH06\CHERNYSH06\DEBUG\DATE.OBJ
C:\Users\Kiril\Desktop\Chernysh06\Chernysh06\Debug\link.command.1.tlog
C:\Users\Kiril\Desktop\Chernysh06\Chernysh06\Debug\link.read.1.tlog
C:\Users\Kiril\Desktop\Chernysh06\Chernysh06\Debug\link.write.1.tlog
C:\USERS\KIRIL\DESKTOP\CHERNYSH06\CHERNYSH06\DEBUG\MAIN.OBJ
C:\Users\Kiril\Desktop\Chernysh06\Chernysh06\Debug\mt.command.1.tlog
C:\Users\Kiril\Desktop\Chernysh06\Chernysh06\Debug\mt.read.1.tlog
C:\Users\Kiril\Desktop\Chernysh06\Chernysh06\Debug\mt.write.1.tlog
C:\USERS\KIRIL\DESKTOP\CHERNYSH06\CHERNYSH06\DEBUG\TIME.OBJ
C:\USERS\KIRIL\DESKTOP\CHERNYSH06\CHERNYSH06\DEBUG\TIMER.OBJ
C:\Users\Kiril\Desktop\Chernysh06\Chernysh06\Debug\vc100.idb
C:\USERS\KIRIL\DESKTOP\CHERNYSH06\CHERNYSH06\DEBUG\VC100.PDB
C:\USERS\KIRIL\DESKTOP\CHERNYSH06\DEBUG\CHERNYSH06.EXE
C:\USERS\KIRIL\DESKTOP\CHERNYSH06\DEBUG\CHERNYSH06.ILK
C:\USERS\KIRIL\DESKTOP\CHERNYSH06\DEBUG\CHERNYSH06.PDB
